have_library: checking for deflate() in -lz... -------------------- yes

"gcc -o conftest -I/usr/local/rvm/rubies/ruby-2.1.1/include/ruby-2.1.0/x86_64-linux -I/usr/local/rvm/rubies/ruby-2.1.1/include/ruby-2.1.0/ruby/backward -I/usr/local/rvm/rubies/ruby-2.1.1/include/ruby-2.1.0 -I/root/clearsilver-0.10.5/ruby/ext/hdf -I../../..     -O3 -fno-fast-math -ggdb3 -Wall -Wextra -Wno-unused-parameter -Wno-parentheses -Wno-long-long -Wno-missing-field-initializers -Wunused-variable -Wpointer-arith -Wwrite-strings -Wdeclaration-after-statement -Wimplicit-function-declaration  -fPIC conftest.c  -L. -L/usr/local/rvm/rubies/ruby-2.1.1/lib -Wl,-R/usr/local/rvm/rubies/ruby-2.1.1/lib -L../../../libs -L. -fstack-protector -rdynamic -Wl,-export-dynamic     -Wl,-R -Wl,/usr/local/rvm/rubies/ruby-2.1.1/lib -L/usr/local/rvm/rubies/ruby-2.1.1/lib -lruby  -lpthread -lrt -ldl -lcrypt -lm   -lc"
checked program was:
/* begin */
1: #include "ruby.h"
2: 
3: int main(int argc, char **argv)
4: {
5:   return 0;
6: }
/* end */

"gcc -o conftest -I/usr/local/rvm/rubies/ruby-2.1.1/include/ruby-2.1.0/x86_64-linux -I/usr/local/rvm/rubies/ruby-2.1.1/include/ruby-2.1.0/ruby/backward -I/usr/local/rvm/rubies/ruby-2.1.1/include/ruby-2.1.0 -I/root/clearsilver-0.10.5/ruby/ext/hdf -I../../..     -O3 -fno-fast-math -ggdb3 -Wall -Wextra -Wno-unused-parameter -Wno-parentheses -Wno-long-long -Wno-missing-field-initializers -Wunused-variable -Wpointer-arith -Wwrite-strings -Wdeclaration-after-statement -Wimplicit-function-declaration  -fPIC conftest.c  -L. -L/usr/local/rvm/rubies/ruby-2.1.1/lib -Wl,-R/usr/local/rvm/rubies/ruby-2.1.1/lib -L../../../libs -L. -fstack-protector -rdynamic -Wl,-export-dynamic     -Wl,-R -Wl,/usr/local/rvm/rubies/ruby-2.1.1/lib -L/usr/local/rvm/rubies/ruby-2.1.1/lib -lruby -lz  -lpthread -lrt -ldl -lcrypt -lm   -lc"
conftest.c: In function ‘t’:
conftest.c:13: error: ‘deflate’ undeclared (first use in this function)
conftest.c:13: error: (Each undeclared identifier is reported only once
conftest.c:13: error: for each function it appears in.)
checked program was:
/* begin */
 1: #include "ruby.h"
 2: 
 3: /*top*/
 4: extern int t(void);
 5: int main(int argc, char **argv)
 6: {
 7:   if (argc > 1000000) {
 8:     printf("%p", &t);
 9:   }
10: 
11:   return 0;
12: }
13: int t(void) { void ((*volatile p)()); p = (void ((*)()))deflate; return 0; }
/* end */

"gcc -o conftest -I/usr/local/rvm/rubies/ruby-2.1.1/include/ruby-2.1.0/x86_64-linux -I/usr/local/rvm/rubies/ruby-2.1.1/include/ruby-2.1.0/ruby/backward -I/usr/local/rvm/rubies/ruby-2.1.1/include/ruby-2.1.0 -I/root/clearsilver-0.10.5/ruby/ext/hdf -I../../..     -O3 -fno-fast-math -ggdb3 -Wall -Wextra -Wno-unused-parameter -Wno-parentheses -Wno-long-long -Wno-missing-field-initializers -Wunused-variable -Wpointer-arith -Wwrite-strings -Wdeclaration-after-statement -Wimplicit-function-declaration  -fPIC conftest.c  -L. -L/usr/local/rvm/rubies/ruby-2.1.1/lib -Wl,-R/usr/local/rvm/rubies/ruby-2.1.1/lib -L../../../libs -L. -fstack-protector -rdynamic -Wl,-export-dynamic     -Wl,-R -Wl,/usr/local/rvm/rubies/ruby-2.1.1/lib -L/usr/local/rvm/rubies/ruby-2.1.1/lib -lruby -lz  -lpthread -lrt -ldl -lcrypt -lm   -lc"
conftest.c: In function ‘t’:
conftest.c:13: warning: implicit declaration of function ‘deflate’
checked program was:
/* begin */
 1: #include "ruby.h"
 2: 
 3: /*top*/
 4: extern int t(void);
 5: int main(int argc, char **argv)
 6: {
 7:   if (argc > 1000000) {
 8:     printf("%p", &t);
 9:   }
10: 
11:   return 0;
12: }
13: int t(void) { deflate(); return 0; }
/* end */

--------------------

have_header: checking for ClearSilver.h... -------------------- yes

"gcc -E -I/usr/local/rvm/rubies/ruby-2.1.1/include/ruby-2.1.0/x86_64-linux -I/usr/local/rvm/rubies/ruby-2.1.1/include/ruby-2.1.0/ruby/backward -I/usr/local/rvm/rubies/ruby-2.1.1/include/ruby-2.1.0 -I/root/clearsilver-0.10.5/ruby/ext/hdf -I../../..     -O3 -fno-fast-math -ggdb3 -Wall -Wextra -Wno-unused-parameter -Wno-parentheses -Wno-long-long -Wno-missing-field-initializers -Wunused-variable -Wpointer-arith -Wwrite-strings -Wdeclaration-after-statement -Wimplicit-function-declaration  -fPIC  conftest.c -o conftest.i"
checked program was:
/* begin */
1: #include "ruby.h"
2: 
3: #include <ClearSilver.h>
/* end */

--------------------

have_library: checking for hdf_init() in -lneo_utl... -------------------- yes

"gcc -o conftest -I/usr/local/rvm/rubies/ruby-2.1.1/include/ruby-2.1.0/x86_64-linux -I/usr/local/rvm/rubies/ruby-2.1.1/include/ruby-2.1.0/ruby/backward -I/usr/local/rvm/rubies/ruby-2.1.1/include/ruby-2.1.0 -I/root/clearsilver-0.10.5/ruby/ext/hdf -I../../..     -O3 -fno-fast-math -ggdb3 -Wall -Wextra -Wno-unused-parameter -Wno-parentheses -Wno-long-long -Wno-missing-field-initializers -Wunused-variable -Wpointer-arith -Wwrite-strings -Wdeclaration-after-statement -Wimplicit-function-declaration  -fPIC conftest.c  -L. -L/usr/local/rvm/rubies/ruby-2.1.1/lib -Wl,-R/usr/local/rvm/rubies/ruby-2.1.1/lib -L../../../libs -L. -fstack-protector -rdynamic -Wl,-export-dynamic    -lz  -Wl,-R -Wl,/usr/local/rvm/rubies/ruby-2.1.1/lib -L/usr/local/rvm/rubies/ruby-2.1.1/lib -lruby -lneo_utl -lz  -lpthread -lrt -ldl -lcrypt -lm   -lc"
conftest.c: In function ‘t’:
conftest.c:13: error: ‘hdf_init’ undeclared (first use in this function)
conftest.c:13: error: (Each undeclared identifier is reported only once
conftest.c:13: error: for each function it appears in.)
checked program was:
/* begin */
 1: #include "ruby.h"
 2: 
 3: /*top*/
 4: extern int t(void);
 5: int main(int argc, char **argv)
 6: {
 7:   if (argc > 1000000) {
 8:     printf("%p", &t);
 9:   }
10: 
11:   return 0;
12: }
13: int t(void) { void ((*volatile p)()); p = (void ((*)()))hdf_init; return 0; }
/* end */

"gcc -o conftest -I/usr/local/rvm/rubies/ruby-2.1.1/include/ruby-2.1.0/x86_64-linux -I/usr/local/rvm/rubies/ruby-2.1.1/include/ruby-2.1.0/ruby/backward -I/usr/local/rvm/rubies/ruby-2.1.1/include/ruby-2.1.0 -I/root/clearsilver-0.10.5/ruby/ext/hdf -I../../..     -O3 -fno-fast-math -ggdb3 -Wall -Wextra -Wno-unused-parameter -Wno-parentheses -Wno-long-long -Wno-missing-field-initializers -Wunused-variable -Wpointer-arith -Wwrite-strings -Wdeclaration-after-statement -Wimplicit-function-declaration  -fPIC conftest.c  -L. -L/usr/local/rvm/rubies/ruby-2.1.1/lib -Wl,-R/usr/local/rvm/rubies/ruby-2.1.1/lib -L../../../libs -L. -fstack-protector -rdynamic -Wl,-export-dynamic    -lz  -Wl,-R -Wl,/usr/local/rvm/rubies/ruby-2.1.1/lib -L/usr/local/rvm/rubies/ruby-2.1.1/lib -lruby -lneo_utl -lz  -lpthread -lrt -ldl -lcrypt -lm   -lc"
conftest.c: In function ‘t’:
conftest.c:13: warning: implicit declaration of function ‘hdf_init’
checked program was:
/* begin */
 1: #include "ruby.h"
 2: 
 3: /*top*/
 4: extern int t(void);
 5: int main(int argc, char **argv)
 6: {
 7:   if (argc > 1000000) {
 8:     printf("%p", &t);
 9:   }
10: 
11:   return 0;
12: }
13: int t(void) { hdf_init(); return 0; }
/* end */

--------------------

have_library: checking for cs_init() in -lneo_cs... -------------------- yes

"gcc -o conftest -I/usr/local/rvm/rubies/ruby-2.1.1/include/ruby-2.1.0/x86_64-linux -I/usr/local/rvm/rubies/ruby-2.1.1/include/ruby-2.1.0/ruby/backward -I/usr/local/rvm/rubies/ruby-2.1.1/include/ruby-2.1.0 -I/root/clearsilver-0.10.5/ruby/ext/hdf -I../../..     -O3 -fno-fast-math -ggdb3 -Wall -Wextra -Wno-unused-parameter -Wno-parentheses -Wno-long-long -Wno-missing-field-initializers -Wunused-variable -Wpointer-arith -Wwrite-strings -Wdeclaration-after-statement -Wimplicit-function-declaration  -fPIC conftest.c  -L. -L/usr/local/rvm/rubies/ruby-2.1.1/lib -Wl,-R/usr/local/rvm/rubies/ruby-2.1.1/lib -L../../../libs -L. -fstack-protector -rdynamic -Wl,-export-dynamic    -lneo_utl -lz  -Wl,-R -Wl,/usr/local/rvm/rubies/ruby-2.1.1/lib -L/usr/local/rvm/rubies/ruby-2.1.1/lib -lruby -lneo_cs -lneo_utl -lz  -lpthread -lrt -ldl -lcrypt -lm   -lc"
conftest.c: In function ‘t’:
conftest.c:13: error: ‘cs_init’ undeclared (first use in this function)
conftest.c:13: error: (Each undeclared identifier is reported only once
conftest.c:13: error: for each function it appears in.)
checked program was:
/* begin */
 1: #include "ruby.h"
 2: 
 3: /*top*/
 4: extern int t(void);
 5: int main(int argc, char **argv)
 6: {
 7:   if (argc > 1000000) {
 8:     printf("%p", &t);
 9:   }
10: 
11:   return 0;
12: }
13: int t(void) { void ((*volatile p)()); p = (void ((*)()))cs_init; return 0; }
/* end */

"gcc -o conftest -I/usr/local/rvm/rubies/ruby-2.1.1/include/ruby-2.1.0/x86_64-linux -I/usr/local/rvm/rubies/ruby-2.1.1/include/ruby-2.1.0/ruby/backward -I/usr/local/rvm/rubies/ruby-2.1.1/include/ruby-2.1.0 -I/root/clearsilver-0.10.5/ruby/ext/hdf -I../../..     -O3 -fno-fast-math -ggdb3 -Wall -Wextra -Wno-unused-parameter -Wno-parentheses -Wno-long-long -Wno-missing-field-initializers -Wunused-variable -Wpointer-arith -Wwrite-strings -Wdeclaration-after-statement -Wimplicit-function-declaration  -fPIC conftest.c  -L. -L/usr/local/rvm/rubies/ruby-2.1.1/lib -Wl,-R/usr/local/rvm/rubies/ruby-2.1.1/lib -L../../../libs -L. -fstack-protector -rdynamic -Wl,-export-dynamic    -lneo_utl -lz  -Wl,-R -Wl,/usr/local/rvm/rubies/ruby-2.1.1/lib -L/usr/local/rvm/rubies/ruby-2.1.1/lib -lruby -lneo_cs -lneo_utl -lz  -lpthread -lrt -ldl -lcrypt -lm   -lc"
conftest.c: In function ‘t’:
conftest.c:13: warning: implicit declaration of function ‘cs_init’
checked program was:
/* begin */
 1: #include "ruby.h"
 2: 
 3: /*top*/
 4: extern int t(void);
 5: int main(int argc, char **argv)
 6: {
 7:   if (argc > 1000000) {
 8:     printf("%p", &t);
 9:   }
10: 
11:   return 0;
12: }
13: int t(void) { cs_init(); return 0; }
/* end */

--------------------

have_library: checking for cgi_register_strfuncs() in -lneo_cgi... -------------------- yes

"gcc -o conftest -I/usr/local/rvm/rubies/ruby-2.1.1/include/ruby-2.1.0/x86_64-linux -I/usr/local/rvm/rubies/ruby-2.1.1/include/ruby-2.1.0/ruby/backward -I/usr/local/rvm/rubies/ruby-2.1.1/include/ruby-2.1.0 -I/root/clearsilver-0.10.5/ruby/ext/hdf -I../../..     -O3 -fno-fast-math -ggdb3 -Wall -Wextra -Wno-unused-parameter -Wno-parentheses -Wno-long-long -Wno-missing-field-initializers -Wunused-variable -Wpointer-arith -Wwrite-strings -Wdeclaration-after-statement -Wimplicit-function-declaration  -fPIC conftest.c  -L. -L/usr/local/rvm/rubies/ruby-2.1.1/lib -Wl,-R/usr/local/rvm/rubies/ruby-2.1.1/lib -L../../../libs -L. -fstack-protector -rdynamic -Wl,-export-dynamic    -lneo_cs -lneo_utl -lz  -Wl,-R -Wl,/usr/local/rvm/rubies/ruby-2.1.1/lib -L/usr/local/rvm/rubies/ruby-2.1.1/lib -lruby -lneo_cgi -lneo_cs -lneo_utl -lz  -lpthread -lrt -ldl -lcrypt -lm   -lc"
conftest.c: In function ‘t’:
conftest.c:13: error: ‘cgi_register_strfuncs’ undeclared (first use in this function)
conftest.c:13: error: (Each undeclared identifier is reported only once
conftest.c:13: error: for each function it appears in.)
checked program was:
/* begin */
 1: #include "ruby.h"
 2: 
 3: /*top*/
 4: extern int t(void);
 5: int main(int argc, char **argv)
 6: {
 7:   if (argc > 1000000) {
 8:     printf("%p", &t);
 9:   }
10: 
11:   return 0;
12: }
13: int t(void) { void ((*volatile p)()); p = (void ((*)()))cgi_register_strfuncs; return 0; }
/* end */

"gcc -o conftest -I/usr/local/rvm/rubies/ruby-2.1.1/include/ruby-2.1.0/x86_64-linux -I/usr/local/rvm/rubies/ruby-2.1.1/include/ruby-2.1.0/ruby/backward -I/usr/local/rvm/rubies/ruby-2.1.1/include/ruby-2.1.0 -I/root/clearsilver-0.10.5/ruby/ext/hdf -I../../..     -O3 -fno-fast-math -ggdb3 -Wall -Wextra -Wno-unused-parameter -Wno-parentheses -Wno-long-long -Wno-missing-field-initializers -Wunused-variable -Wpointer-arith -Wwrite-strings -Wdeclaration-after-statement -Wimplicit-function-declaration  -fPIC conftest.c  -L. -L/usr/local/rvm/rubies/ruby-2.1.1/lib -Wl,-R/usr/local/rvm/rubies/ruby-2.1.1/lib -L../../../libs -L. -fstack-protector -rdynamic -Wl,-export-dynamic    -lneo_cs -lneo_utl -lz  -Wl,-R -Wl,/usr/local/rvm/rubies/ruby-2.1.1/lib -L/usr/local/rvm/rubies/ruby-2.1.1/lib -lruby -lneo_cgi -lneo_cs -lneo_utl -lz  -lpthread -lrt -ldl -lcrypt -lm   -lc"
conftest.c: In function ‘t’:
conftest.c:13: warning: implicit declaration of function ‘cgi_register_strfuncs’
checked program was:
/* begin */
 1: #include "ruby.h"
 2: 
 3: /*top*/
 4: extern int t(void);
 5: int main(int argc, char **argv)
 6: {
 7:   if (argc > 1000000) {
 8:     printf("%p", &t);
 9:   }
10: 
11:   return 0;
12: }
13: int t(void) { cgi_register_strfuncs(); return 0; }
/* end */

--------------------

